<?xml version="1.0" encoding="utf-8"?><testsuites name="pytest tests"><testsuite name="pytest" errors="0" failures="0" skipped="0" tests="16" time="111.396" timestamp="2026-01-22T21:25:01.561065+00:00" hostname="agent-env-8e543178-9091-4195-96e5-80328d7975ba"><testcase classname="tests.test_dietary_feature.TestDietaryPreferences" name="test_get_dietary_preferences_initial" time="0.355" /><testcase classname="tests.test_dietary_feature.TestDietaryPreferences" name="test_update_dietary_preferences_diet_type" time="0.039" /><testcase classname="tests.test_dietary_feature.TestDietaryPreferences" name="test_update_dietary_preferences_allergies" time="0.036" /><testcase classname="tests.test_dietary_feature.TestDietaryPreferences" name="test_update_dietary_preferences_full" time="0.039" /><testcase classname="tests.test_dietary_feature.TestDietaryPreferences" name="test_update_dietary_preferences_empty_fails" time="0.034" /><testcase classname="tests.test_dietary_feature.TestDietaryPreferences" name="test_get_dietary_preferences_after_update" time="0.041" /><testcase classname="tests.test_dietary_feature.TestDietaryPreferences" name="test_dietary_preferences_unauthorized" time="0.109" /><testcase classname="tests.test_dietary_feature.TestDietarySuggestions" name="test_dietary_suggestion_quick_snack" time="11.585" /><testcase classname="tests.test_dietary_feature.TestDietarySuggestions" name="test_dietary_suggestion_recipe" time="18.675" /><testcase classname="tests.test_dietary_feature.TestDietarySuggestions" name="test_dietary_suggestion_meal_plan" time="25.491" /><testcase classname="tests.test_dietary_feature.TestDietarySuggestions" name="test_dietary_suggestion_auto_time_of_day" time="13.586" /><testcase classname="tests.test_dietary_feature.TestDietarySuggestions" name="test_dietary_suggestion_with_symptoms" time="11.488" /><testcase classname="tests.test_dietary_feature.TestDietarySuggestions" name="test_dietary_suggestion_default_type" time="9.633" /><testcase classname="tests.test_dietary_feature.TestDietarySuggestions" name="test_dietary_suggestion_unauthorized" time="0.058" /><testcase classname="tests.test_dietary_feature.TestDietarySuggestions" name="test_dietary_suggestion_includes_user_conditions" time="9.195" /><testcase classname="tests.test_dietary_feature.TestDietaryIntegration" name="test_preferences_affect_suggestions" time="10.958" /></testsuite></testsuites>