<?xml version="1.0" encoding="utf-8"?><testsuites name="pytest tests"><testsuite name="pytest" errors="0" failures="1" skipped="0" tests="13" time="4.520" timestamp="2026-01-22T20:30:13.591722+00:00" hostname="agent-env-8e543178-9091-4195-96e5-80328d7975ba"><testcase classname="tests.test_advanced_analytics.TestAdvancedAnalytics" name="test_advanced_analytics_endpoint_exists" time="0.334" /><testcase classname="tests.test_advanced_analytics.TestAdvancedAnalytics" name="test_advanced_analytics_response_structure" time="0.274" /><testcase classname="tests.test_advanced_analytics.TestAdvancedAnalytics" name="test_advanced_analytics_patterns_structure" time="0.277" /><testcase classname="tests.test_advanced_analytics.TestAdvancedAnalytics" name="test_advanced_analytics_triggers_structure" time="0.272" /><testcase classname="tests.test_advanced_analytics.TestAdvancedAnalytics" name="test_advanced_analytics_mood_distribution_structure" time="0.271" /><testcase classname="tests.test_advanced_analytics.TestAdvancedAnalytics" name="test_advanced_analytics_day_of_week_structure" time="0.265" /><testcase classname="tests.test_advanced_analytics.TestAdvancedAnalytics" name="test_advanced_analytics_time_range_7_days" time="0.562" /><testcase classname="tests.test_advanced_analytics.TestAdvancedAnalytics" name="test_advanced_analytics_time_range_90_days" time="0.758" /><testcase classname="tests.test_advanced_analytics.TestAdvancedAnalytics" name="test_advanced_analytics_unauthorized" time="0.286"><failure message="AssertionError: Expected 401 for unauthorized, got 403&#10;assert 403 == 401&#10; +  where 403 = &lt;Response [403]&gt;.status_code">tests/test_advanced_analytics.py:157: in test_advanced_analytics_unauthorized
    assert response.status_code == 401, f"Expected 401 for unauthorized, got {response.status_code}"
E   AssertionError: Expected 401 for unauthorized, got 403
E   assert 403 == 401
E    +  where 403 = &lt;Response [403]&gt;.status_code</failure></testcase><testcase classname="tests.test_advanced_analytics.TestSummaryAnalytics" name="test_summary_analytics_endpoint" time="0.281" /><testcase classname="tests.test_advanced_analytics.TestSummaryAnalytics" name="test_summary_analytics_response_structure" time="0.268" /><testcase classname="tests.test_advanced_analytics.TestMoodLogsEndpoint" name="test_mood_logs_with_date_filter" time="0.271" /><testcase classname="tests.test_advanced_analytics.TestMoodLogsEndpoint" name="test_mood_logs_structure" time="0.313" /></testsuite></testsuites>