<?xml version="1.0" encoding="utf-8"?><testsuites name="pytest tests"><testsuite name="pytest" errors="0" failures="0" skipped="0" tests="16" time="17.393" timestamp="2026-01-29T09:37:13.152984+00:00" hostname="agent-env-539ea8ff-16f7-4276-84a4-0bacab37c936"><testcase classname="backend.tests.test_adhd_tools.TestTaskChunking" name="test_create_task_with_ai_chunking" time="7.682" /><testcase classname="backend.tests.test_adhd_tools.TestTaskChunking" name="test_get_tasks" time="0.067" /><testcase classname="backend.tests.test_adhd_tools.TestTaskChunking" name="test_create_and_toggle_chunk" time="7.968" /><testcase classname="backend.tests.test_adhd_tools.TestTaskChunking" name="test_delete_task" time="0.152" /><testcase classname="backend.tests.test_adhd_tools.TestPomodoroTimer" name="test_get_pomodoro_settings" time="0.305" /><testcase classname="backend.tests.test_adhd_tools.TestPomodoroTimer" name="test_create_pomodoro_session" time="0.037" /><testcase classname="backend.tests.test_adhd_tools.TestPomodoroTimer" name="test_get_pomodoro_stats" time="0.036" /><testcase classname="backend.tests.test_adhd_tools.TestPomodoroTimer" name="test_update_pomodoro_session" time="0.066" /><testcase classname="backend.tests.test_adhd_tools.TestDopamineMenu" name="test_get_dopamine_items" time="0.294" /><testcase classname="backend.tests.test_adhd_tools.TestDopamineMenu" name="test_get_dopamine_items_by_category" time="0.042" /><testcase classname="backend.tests.test_adhd_tools.TestDopamineMenu" name="test_get_random_dopamine_item" time="0.042" /><testcase classname="backend.tests.test_adhd_tools.TestDopamineMenu" name="test_create_custom_dopamine_item" time="0.040" /><testcase classname="backend.tests.test_adhd_tools.TestDopamineMenu" name="test_toggle_favorite" time="0.077" /><testcase classname="backend.tests.test_adhd_tools.TestDopamineMenu" name="test_mark_item_used" time="0.071" /><testcase classname="backend.tests.test_adhd_tools.TestCleanup" name="test_cleanup_test_tasks" time="0.369" /><testcase classname="backend.tests.test_adhd_tools.TestCleanup" name="test_cleanup_test_dopamine_items" time="0.071" /></testsuite></testsuites>