<?xml version="1.0" encoding="utf-8"?><testsuites name="pytest tests"><testsuite name="pytest" errors="0" failures="1" skipped="0" tests="16" time="2.811" timestamp="2026-01-22T20:10:08.043332+00:00" hostname="agent-env-8e543178-9091-4195-96e5-80328d7975ba"><testcase classname="tests.test_caregiver_module.TestCaregiverAuth" name="test_caregiver_endpoints_require_auth" time="0.075"><failure message="AssertionError: /api/caregivers should require auth, got 403&#10;assert 403 == 401&#10; +  where 403 = &lt;Response [403]&gt;.status_code">tests/test_caregiver_module.py:49: in test_caregiver_endpoints_require_auth
    assert response.status_code == 401, f"{endpoint} should require auth, got {response.status_code}"
E   AssertionError: /api/caregivers should require auth, got 403
E   assert 403 == 401
E    +  where 403 = &lt;Response [403]&gt;.status_code</failure></testcase><testcase classname="tests.test_caregiver_module.TestCaregiverInvitation" name="test_send_invitation_success" time="0.348" /><testcase classname="tests.test_caregiver_module.TestCaregiverInvitation" name="test_send_invitation_invalid_email" time="0.045" /><testcase classname="tests.test_caregiver_module.TestCaregiverInvitation" name="test_send_duplicate_invitation" time="0.083" /><testcase classname="tests.test_caregiver_module.TestCaregiverInvitation" name="test_get_sent_invitations" time="0.038" /><testcase classname="tests.test_caregiver_module.TestCaregiverInvitation" name="test_get_received_invitations" time="0.045" /><testcase classname="tests.test_caregiver_module.TestCaregiverInvitation" name="test_cancel_invitation" time="0.074" /><testcase classname="tests.test_caregiver_module.TestCaregiverRelationship" name="test_get_my_caregivers" time="0.289" /><testcase classname="tests.test_caregiver_module.TestCaregiverRelationship" name="test_get_my_patients" time="0.036" /><testcase classname="tests.test_caregiver_module.TestCaregiverPatientAccess" name="test_access_patient_mood_logs_unauthorized" time="0.345" /><testcase classname="tests.test_caregiver_module.TestCaregiverPatientAccess" name="test_access_patient_analytics_unauthorized" time="0.037" /><testcase classname="tests.test_caregiver_module.TestNotifications" name="test_get_notifications" time="0.300" /><testcase classname="tests.test_caregiver_module.TestCaregiverPermissions" name="test_invitation_default_permissions" time="0.300" /><testcase classname="tests.test_caregiver_module.TestCaregiverRemoval" name="test_remove_nonexistent_caregiver" time="0.294" /><testcase classname="tests.test_caregiver_module.TestInvitationAcceptReject" name="test_accept_nonexistent_invitation" time="0.296" /><testcase classname="tests.test_caregiver_module.TestInvitationAcceptReject" name="test_reject_nonexistent_invitation" time="0.073" /></testsuite></testsuites>