<?xml version="1.0" encoding="utf-8"?><testsuites name="pytest tests"><testsuite name="pytest" errors="0" failures="0" skipped="0" tests="13" time="3.658" timestamp="2026-01-22T20:30:32.908185+00:00" hostname="agent-env-8e543178-9091-4195-96e5-80328d7975ba"><testcase classname="tests.test_advanced_analytics.TestAdvancedAnalytics" name="test_advanced_analytics_endpoint_exists" time="0.325" /><testcase classname="tests.test_advanced_analytics.TestAdvancedAnalytics" name="test_advanced_analytics_response_structure" time="0.265" /><testcase classname="tests.test_advanced_analytics.TestAdvancedAnalytics" name="test_advanced_analytics_patterns_structure" time="0.272" /><testcase classname="tests.test_advanced_analytics.TestAdvancedAnalytics" name="test_advanced_analytics_triggers_structure" time="0.273" /><testcase classname="tests.test_advanced_analytics.TestAdvancedAnalytics" name="test_advanced_analytics_mood_distribution_structure" time="0.274" /><testcase classname="tests.test_advanced_analytics.TestAdvancedAnalytics" name="test_advanced_analytics_day_of_week_structure" time="0.272" /><testcase classname="tests.test_advanced_analytics.TestAdvancedAnalytics" name="test_advanced_analytics_time_range_7_days" time="0.262" /><testcase classname="tests.test_advanced_analytics.TestAdvancedAnalytics" name="test_advanced_analytics_time_range_90_days" time="0.278" /><testcase classname="tests.test_advanced_analytics.TestAdvancedAnalytics" name="test_advanced_analytics_unauthorized" time="0.286" /><testcase classname="tests.test_advanced_analytics.TestSummaryAnalytics" name="test_summary_analytics_endpoint" time="0.264" /><testcase classname="tests.test_advanced_analytics.TestSummaryAnalytics" name="test_summary_analytics_response_structure" time="0.284" /><testcase classname="tests.test_advanced_analytics.TestMoodLogsEndpoint" name="test_mood_logs_with_date_filter" time="0.271" /><testcase classname="tests.test_advanced_analytics.TestMoodLogsEndpoint" name="test_mood_logs_structure" time="0.269" /></testsuite></testsuites>