<?xml version="1.0" encoding="utf-8"?><testsuites name="pytest tests"><testsuite name="pytest" errors="0" failures="2" skipped="0" tests="16" time="118.980" timestamp="2026-01-22T21:16:24.325492+00:00" hostname="agent-env-8e543178-9091-4195-96e5-80328d7975ba"><testcase classname="tests.test_dietary_feature.TestDietaryPreferences" name="test_get_dietary_preferences_initial" time="0.366" /><testcase classname="tests.test_dietary_feature.TestDietaryPreferences" name="test_update_dietary_preferences_diet_type" time="0.038" /><testcase classname="tests.test_dietary_feature.TestDietaryPreferences" name="test_update_dietary_preferences_allergies" time="0.036" /><testcase classname="tests.test_dietary_feature.TestDietaryPreferences" name="test_update_dietary_preferences_full" time="0.035" /><testcase classname="tests.test_dietary_feature.TestDietaryPreferences" name="test_update_dietary_preferences_empty_fails" time="0.036" /><testcase classname="tests.test_dietary_feature.TestDietaryPreferences" name="test_get_dietary_preferences_after_update" time="0.043" /><testcase classname="tests.test_dietary_feature.TestDietaryPreferences" name="test_dietary_preferences_unauthorized" time="0.078"><failure message="assert 403 == 401&#10; +  where 403 = &lt;Response [403]&gt;.status_code">tests/test_dietary_feature.py:158: in test_dietary_preferences_unauthorized
    assert response.status_code == 401
E   assert 403 == 401
E    +  where 403 = &lt;Response [403]&gt;.status_code</failure></testcase><testcase classname="tests.test_dietary_feature.TestDietarySuggestions" name="test_dietary_suggestion_quick_snack" time="13.441" /><testcase classname="tests.test_dietary_feature.TestDietarySuggestions" name="test_dietary_suggestion_recipe" time="16.792" /><testcase classname="tests.test_dietary_feature.TestDietarySuggestions" name="test_dietary_suggestion_meal_plan" time="25.826" /><testcase classname="tests.test_dietary_feature.TestDietarySuggestions" name="test_dietary_suggestion_auto_time_of_day" time="11.686" /><testcase classname="tests.test_dietary_feature.TestDietarySuggestions" name="test_dietary_suggestion_with_symptoms" time="11.896" /><testcase classname="tests.test_dietary_feature.TestDietarySuggestions" name="test_dietary_suggestion_default_type" time="15.698" /><testcase classname="tests.test_dietary_feature.TestDietarySuggestions" name="test_dietary_suggestion_unauthorized" time="0.064"><failure message="assert 403 == 401&#10; +  where 403 = &lt;Response [403]&gt;.status_code">tests/test_dietary_feature.py:334: in test_dietary_suggestion_unauthorized
    assert response.status_code == 401
E   assert 403 == 401
E    +  where 403 = &lt;Response [403]&gt;.status_code</failure></testcase><testcase classname="tests.test_dietary_feature.TestDietarySuggestions" name="test_dietary_suggestion_includes_user_conditions" time="13.220" /><testcase classname="tests.test_dietary_feature.TestDietaryIntegration" name="test_preferences_affect_suggestions" time="9.586" /></testsuite></testsuites>