<?xml version="1.0" encoding="utf-8"?><testsuites name="pytest tests"><testsuite name="pytest" errors="0" failures="0" skipped="0" tests="15" time="6.588" timestamp="2026-02-25T12:20:55.818006+00:00" hostname="agent-env-539ea8ff-16f7-4276-84a4-0bacab37c936"><testcase classname="backend.tests.test_adhd_tools_phase2.TestADHDToolsPhase2" name="test_time_blindness_stats_endpoint" time="0.543" /><testcase classname="backend.tests.test_adhd_tools_phase2.TestADHDToolsPhase2" name="test_time_blindness_stats_with_different_days" time="0.567" /><testcase classname="backend.tests.test_adhd_tools_phase2.TestADHDToolsPhase2" name="test_time_blindness_task_estimates_structure" time="0.391" /><testcase classname="backend.tests.test_adhd_tools_phase2.TestADHDToolsPhase2" name="test_energy_patterns_endpoint" time="0.392" /><testcase classname="backend.tests.test_adhd_tools_phase2.TestADHDToolsPhase2" name="test_energy_patterns_recommendation_exists" time="0.396" /><testcase classname="backend.tests.test_adhd_tools_phase2.TestADHDToolsPhase2" name="test_energy_patterns_peak_periods_valid" time="0.388" /><testcase classname="backend.tests.test_adhd_tools_phase2.TestADHDToolsPhase2" name="test_energy_patterns_hourly_structure" time="0.388" /><testcase classname="backend.tests.test_adhd_tools_phase2.TestADHDToolsPhase2" name="test_rewards_stats_endpoint" time="0.412" /><testcase classname="backend.tests.test_adhd_tools_phase2.TestADHDToolsPhase2" name="test_rewards_level_calculation" time="0.374" /><testcase classname="backend.tests.test_adhd_tools_phase2.TestADHDToolsPhase2" name="test_rewards_xp_calculation" time="0.383" /><testcase classname="backend.tests.test_adhd_tools_phase2.TestADHDToolsPhase2" name="test_rewards_badges_structure" time="0.377" /><testcase classname="backend.tests.test_adhd_tools_phase2.TestADHDToolsPhase2" name="test_rewards_streak_non_negative" time="0.404" /><testcase classname="backend.tests.test_adhd_tools_phase2.TestADHDToolsPhase2" name="test_rewards_weekly_stats" time="0.398" /><testcase classname="backend.tests.test_adhd_tools_phase2.TestADHDToolsPhase2" name="test_all_phase2_endpoints_accessible" time="0.543" /><testcase classname="backend.tests.test_adhd_tools_phase2.TestADHDToolsPhase2" name="test_unauthorized_access_denied" time="0.548" /></testsuite></testsuites>