<?xml version="1.0" encoding="utf-8"?><testsuites name="pytest tests"><testsuite name="pytest" errors="0" failures="0" skipped="0" tests="16" time="2.659" timestamp="2026-01-22T20:16:05.589944+00:00" hostname="agent-env-8e543178-9091-4195-96e5-80328d7975ba"><testcase classname="tests.test_caregiver_module.TestCaregiverAuth" name="test_caregiver_endpoints_require_auth" time="0.203" /><testcase classname="tests.test_caregiver_module.TestCaregiverInvitation" name="test_send_invitation_success" time="0.297" /><testcase classname="tests.test_caregiver_module.TestCaregiverInvitation" name="test_send_invitation_invalid_email" time="0.033" /><testcase classname="tests.test_caregiver_module.TestCaregiverInvitation" name="test_send_duplicate_invitation" time="0.072" /><testcase classname="tests.test_caregiver_module.TestCaregiverInvitation" name="test_get_sent_invitations" time="0.039" /><testcase classname="tests.test_caregiver_module.TestCaregiverInvitation" name="test_get_received_invitations" time="0.034" /><testcase classname="tests.test_caregiver_module.TestCaregiverInvitation" name="test_cancel_invitation" time="0.076" /><testcase classname="tests.test_caregiver_module.TestCaregiverRelationship" name="test_get_my_caregivers" time="0.293" /><testcase classname="tests.test_caregiver_module.TestCaregiverRelationship" name="test_get_my_patients" time="0.033" /><testcase classname="tests.test_caregiver_module.TestCaregiverPatientAccess" name="test_access_patient_mood_logs_unauthorized" time="0.293" /><testcase classname="tests.test_caregiver_module.TestCaregiverPatientAccess" name="test_access_patient_analytics_unauthorized" time="0.032" /><testcase classname="tests.test_caregiver_module.TestNotifications" name="test_get_notifications" time="0.289" /><testcase classname="tests.test_caregiver_module.TestCaregiverPermissions" name="test_invitation_default_permissions" time="0.298" /><testcase classname="tests.test_caregiver_module.TestCaregiverRemoval" name="test_remove_nonexistent_caregiver" time="0.292" /><testcase classname="tests.test_caregiver_module.TestInvitationAcceptReject" name="test_accept_nonexistent_invitation" time="0.288" /><testcase classname="tests.test_caregiver_module.TestInvitationAcceptReject" name="test_reject_nonexistent_invitation" time="0.036" /></testsuite></testsuites>